[16:10:23] alt:V Server 14.25 (release)
[16:10:23] Starting Alt:V Roleplay open beta on 77.22.234.127:2023
[16:10:23] Loading resource chat
[16:10:23][Warning] Using .cfg files is discouraged, consider using the '--convert-config-format' commandline argument
[16:10:23] Loaded resource chat
[16:10:23] Loading resource Empire-V
[16:10:23] Loaded resource Empire-V
[16:10:23] Required server permissions:
[16:10:23] Optional server permissions:
[16:10:23] Starting HTTP server on 77.22.234.127:2023
[16:10:23] Main thread started (ThreadId: 4080)
[16:10:23] Colshape thread started (ThreadId: 15000)
[16:10:23] EntityStreamer thread started (ThreadId: 19288)
[16:10:23] Sync thread started (ThreadId: 2892)
[16:10:23] Network thread started (ThreadId: 13068)
[16:10:23] Console thread started (ThreadId: 8124)
[16:10:23][Warning] Server started in debug mode
[16:10:47] [chat:cmd] FreddyOnline24: /auto t20
[16:10:48] [chat:cmd] FreddyOnline24: /dv
[16:10:51] [chat:cmd] FreddyOnline24: /dv 100
[16:11:01] [chat:cmd] FreddyOnline24: /dv 100
